Build started 2/14/2015 10:22:25.
     1>Project "D:\OOD\FileCatalogue\FileCatalogue\FileCatalogue.vcxproj" on node 2 (Rebuild target(s)).
     1>ClCompile:
         C:\Program Files (x86)\Microsoft Visual Studio 12.0\VC\bin\CL.exe /c /ZI /nologo /W3 /WX- /sdl /Od /Oy- /D _MBCS /Gm /EHsc /RTC1 /MDd /GS /fp:precise /Zc:wchar_t /Zc:forScope /Fo"Debug\\" /Fd"Debug\vc120.pdb" /Gd /TP /analyze- /errorReport:prompt Cataloger.cpp DataStore.cpp Display.cpp Executive.cpp FileSystem.cpp InputParser.cpp
         InputParser.cpp
         FileSystem.cpp
         Executive.cpp
         Display.cpp
         DataStore.cpp
         Cataloger.cpp
         Generating Code...
       Link:
         C:\Program Files (x86)\Microsoft Visual Studio 12.0\VC\bin\link.exe /ERRORREPORT:PROMPT /OUT:"D:\OOD\FileCatalogue\Debug\FileCatalogue.exe" /INCREMENTAL /NOLOGO kernel32.lib user32.lib gdi32.lib winspool.lib comdlg32.lib advapi32.lib shell32.lib ole32.lib oleaut32.lib uuid.lib odbc32.lib odbccp32.lib /MANIFEST /MANIFESTUAC:"level='asInvoker' uiAccess='false'" /manifest:embed /DEBUG /PDB:"D:\OOD\FileCatalogue\Debug\FileCatalogue.pdb" /SUBSYSTEM:CONSOLE /TLBID:1 /DYNAMICBASE /NXCOMPAT /IMPLIB:"D:\OOD\FileCatalogue\Debug\FileCatalogue.lib" /MACHINE:X86 Debug\Cataloger.obj
         Debug\DataStore.obj
         Debug\Display.obj
         Debug\Executive.obj
         Debug\FileSystem.obj
         Debug\InputParser.obj
         FileCatalogue.vcxproj -> D:\OOD\FileCatalogue\Debug\FileCatalogue.exe
     1>Done Building Project "D:\OOD\FileCatalogue\FileCatalogue\FileCatalogue.vcxproj" (Rebuild target(s)).

Build succeeded.

Time Elapsed 00:00:07.26
